{
  "stats": {
    "suites": 2,
    "tests": 2,
    "passes": 2,
    "pending": 0,
    "failures": 0,
    "start": "2022-08-10T07:29:01.240Z",
    "end": "2022-08-10T07:29:14.660Z",
    "duration": 13420,
    "testsRegistered": 2,
    "passPercent": 100,
    "pendingPercent": 0,
    "other": 0,
    "hasOther": false,
    "skipped": 0,
    "hasSkipped": false
  },
  "results": [
    {
      "uuid": "2312f92e-e9bd-4fde-8250-9a11e1f361b4",
      "title": "",
      "fullFile": "",
      "file": "",
      "beforeHooks": [],
      "afterHooks": [],
      "tests": [],
      "suites": [
        {
          "uuid": "97cdfb8c-a8a7-4daa-9d92-a8b7be11813f",
          "title": "The Lists to do",
          "fullFile": "/home/myatthinkhine/Documents/AutomationGIT/seleniumDemo/test/MochaTesting.js",
          "file": "/test/MochaTesting.js",
          "beforeHooks": [],
          "afterHooks": [],
          "tests": [
            {
              "title": "Successfully done",
              "fullTitle": "The Lists to do Successfully done",
              "timedOut": null,
              "duration": 11027,
              "state": "passed",
              "speed": "slow",
              "pass": true,
              "fail": false,
              "pending": false,
              "context": null,
              "code": "//Launch the browser\nlet driver = await new Builder().forBrowser(\"chrome\").build();\n//navigate to our apps\nawait driver.get(\"http://103.203.132.254:8888/\");\n//add to do\n//for login Section\nawait driver.findElement(By.name(\"username\")).sendKeys(\"Admin\",Key.RETURN) //adding user name\nawait driver.findElement(By.name(\"password\")).sendKeys(\"password\",Key.RETURN) //adding password\n\n\n//to create the orders from sale team\nawait driver.get(\"http://103.203.132.254:8888/admin/sale-management/create\")\n//adding data\n//await driver.findElement(By.name(\"townships\")).sendKeys(\"Ahlone\",Key.RETURN)\n\n//closing the browser\n        //await driver.quit()",
              "err": {},
              "uuid": "28c7a745-1049-4e37-ad69-fbeabc02b26e",
              "parentUUID": null,
              "isHook": false,
              "skipped": false
            }
          ],
          "suites": [],
          "passes": [
            "28c7a745-1049-4e37-ad69-fbeabc02b26e"
          ],
          "failures": [],
          "pending": [],
          "skipped": [],
          "duration": 11027,
          "root": false,
          "rootEmpty": false,
          "_timeout": null
        },
        {
          "uuid": "fcb25e91-fbb1-480f-aba8-c787f9b62c11",
          "title": "Another Lists to do",
          "fullFile": "/home/myatthinkhine/Documents/AutomationGIT/seleniumDemo/test/ParallelTestingMocha.js",
          "file": "/test/ParallelTestingMocha.js",
          "beforeHooks": [],
          "afterHooks": [],
          "tests": [
            {
              "title": "Successfully done another list",
              "fullTitle": "Another Lists to do Successfully done another list",
              "timedOut": null,
              "duration": 11237,
              "state": "passed",
              "speed": "slow",
              "pass": true,
              "fail": false,
              "pending": false,
              "context": null,
              "code": "//Launch the browser\nlet driver = await new Builder().forBrowser(\"chrome\").build();\n//navigate to our apps\nawait driver.get(\"http://103.203.132.254:8888/\");\n//add to do\n//for login Section\nawait driver.findElement(By.name(\"username\")).sendKeys(\"Admin\",Key.RETURN) //adding user name\nawait driver.findElement(By.name(\"password\")).sendKeys(\"password\",Key.RETURN) //adding password\n\n\n//to create the orders from sale team\nawait driver.get(\"http://103.203.132.254:8888/admin/sale-management/create\")\n//adding data\n//await driver.findElement(By.name(\"townships\")).sendKeys(\"Ahlone\",Key.RETURN)\n\n//closing the browser\n        //await driver.quit()",
              "err": {},
              "uuid": "1f3d1826-dd4b-4d96-87ce-b6ca40cc1b65",
              "parentUUID": null,
              "isHook": false,
              "skipped": false
            }
          ],
          "suites": [],
          "passes": [
            "1f3d1826-dd4b-4d96-87ce-b6ca40cc1b65"
          ],
          "failures": [],
          "pending": [],
          "skipped": [],
          "duration": 11237,
          "root": false,
          "rootEmpty": false,
          "_timeout": null
        }
      ],
      "passes": [],
      "failures": [],
      "pending": [],
      "skipped": [],
      "duration": 0,
      "root": true,
      "rootEmpty": true,
      "_timeout": 0
    }
  ],
  "meta": {
    "mocha": {
      "version": "10.0.0"
    },
    "mochawesome": {
      "options": {
        "quiet": false,
        "reportFilename": "mochawesome",
        "saveHtml": true,
        "saveJson": true,
        "consoleReporter": "spec",
        "useInlineDiffs": false,
        "code": true
      },
      "version": "7.1.3"
    },
    "marge": {
      "options": null,
      "version": "6.2.0"
    }
  }
}