{
  "stats": {
    "suites": 2,
    "tests": 3,
    "passes": 3,
    "pending": 0,
    "failures": 0,
    "start": "2022-08-10T07:47:59.451Z",
    "end": "2022-08-10T07:48:23.177Z",
    "duration": 23726,
    "testsRegistered": 3,
    "passPercent": 100,
    "pendingPercent": 0,
    "other": 0,
    "hasOther": false,
    "skipped": 0,
    "hasSkipped": false
  },
  "results": [
    {
      "uuid": "b7d0f0ea-01f5-4255-9301-8ede8b00463c",
      "title": "",
      "fullFile": "",
      "file": "",
      "beforeHooks": [],
      "afterHooks": [],
      "tests": [],
      "suites": [
        {
          "uuid": "8d4d7152-5ab0-409b-a815-98def2650249",
          "title": "The Lists to do",
          "fullFile": "/home/myatthinkhine/Documents/AutomationGIT/seleniumDemo/test/MochaTesting.js",
          "file": "/test/MochaTesting.js",
          "beforeHooks": [],
          "afterHooks": [],
          "tests": [
            {
              "title": "Successfully done",
              "fullTitle": "The Lists to do Successfully done",
              "timedOut": null,
              "duration": 15417,
              "state": "passed",
              "speed": "slow",
              "pass": true,
              "fail": false,
              "pending": false,
              "context": null,
              "code": "//Launch the browser\nlet driver = await new Builder().forBrowser(\"chrome\").build();\n//navigate to our apps\nawait driver.get(\"http://103.203.132.254:8888/\");\n//add to do\n//for login Section\nawait driver.findElement(By.name(\"username\")).sendKeys(\"Admin\",Key.RETURN) //adding user name\nawait driver.findElement(By.name(\"password\")).sendKeys(\"password\",Key.RETURN) //adding password\n\n\n//to create the orders from sale team\nawait driver.get(\"http://103.203.132.254:8888/admin/sale-management/create\")\n//adding data\n//await driver.findElement(By.name(\"townships\")).sendKeys(\"Ahlone\",Key.RETURN)\n\n//closing the browser\n        //await driver.quit()",
              "err": {},
              "uuid": "c64eaad6-cad2-405d-8bbd-7e6a472b6d28",
              "parentUUID": null,
              "isHook": false,
              "skipped": false
            }
          ],
          "suites": [],
          "passes": [
            "c64eaad6-cad2-405d-8bbd-7e6a472b6d28"
          ],
          "failures": [],
          "pending": [],
          "skipped": [],
          "duration": 15417,
          "root": false,
          "rootEmpty": false,
          "_timeout": null
        },
        {
          "uuid": "02386092-e11e-440c-ab84-1733f4915e32",
          "title": "Another Lists to do",
          "fullFile": "/home/myatthinkhine/Documents/AutomationGIT/seleniumDemo/test/ParallelTestingMocha.js",
          "file": "/test/ParallelTestingMocha.js",
          "beforeHooks": [],
          "afterHooks": [],
          "tests": [
            {
              "title": "Successfully done another list",
              "fullTitle": "Another Lists to do Successfully done another list",
              "timedOut": null,
              "duration": 15275,
              "state": "passed",
              "speed": "slow",
              "pass": true,
              "fail": false,
              "pending": false,
              "context": null,
              "code": "//Launch the browser\nlet driver = await new Builder().forBrowser(\"chrome\").build();\n//navigate to our apps\nawait driver.get(\"http://103.203.132.254:8888/\");\n//add to do\n//for login Section\nawait driver.findElement(By.name(\"username\")).sendKeys(\"Admin\",Key.RETURN) //adding user name\nawait driver.findElement(By.name(\"password\")).sendKeys(\"password\",Key.RETURN) //adding password\n\n\n//to create the orders from sale team\nawait driver.get(\"http://103.203.132.254:8888/admin/sale-management/create\")\n//adding data\n//await driver.findElement(By.name(\"townships\")).sendKeys(\"Ahlone\",Key.RETURN)\n\n//closing the browser\n        //await driver.quit()",
              "err": {},
              "uuid": "b9d2ea54-49b1-435b-9ae4-2457988e0296",
              "parentUUID": null,
              "isHook": false,
              "skipped": false
            },
            {
              "title": "Testing invalid user login",
              "fullTitle": "Another Lists to do Testing invalid user login",
              "timedOut": null,
              "duration": 7611,
              "state": "passed",
              "speed": "slow",
              "pass": true,
              "fail": false,
              "pending": false,
              "context": null,
              "code": "//Launch the browser\nlet driver = await new Builder().forBrowser(\"chrome\").build();\n//navigate to our apps\nawait driver.get(\"http://103.203.132.254:8888/\");\n//add to do\n//for login Section\nawait driver.findElement(By.name(\"username\")).sendKeys(\"admins\",Key.RETURN) //adding user name\nawait driver.findElement(By.name(\"password\")).sendKeys(\"password\",Key.RETURN) //adding password\n\n\n//to create the orders from sale team\nawait driver.get(\"http://103.203.132.254:8888/admin/sale-management/create\")\n//adding data\n//await driver.findElement(By.name(\"townships\")).sendKeys(\"Ahlone\",Key.RETURN)\n\n//closing the browser\n    //await driver.quit()",
              "err": {},
              "uuid": "57fd4182-91e8-4589-9046-43d97fb8fa41",
              "parentUUID": null,
              "isHook": false,
              "skipped": false
            }
          ],
          "suites": [],
          "passes": [
            "b9d2ea54-49b1-435b-9ae4-2457988e0296",
            "57fd4182-91e8-4589-9046-43d97fb8fa41"
          ],
          "failures": [],
          "pending": [],
          "skipped": [],
          "duration": 22886,
          "root": false,
          "rootEmpty": false,
          "_timeout": null
        }
      ],
      "passes": [],
      "failures": [],
      "pending": [],
      "skipped": [],
      "duration": 0,
      "root": true,
      "rootEmpty": true,
      "_timeout": 0
    }
  ],
  "meta": {
    "mocha": {
      "version": "10.0.0"
    },
    "mochawesome": {
      "options": {
        "quiet": false,
        "reportFilename": "mochawesome",
        "saveHtml": true,
        "saveJson": true,
        "consoleReporter": "spec",
        "useInlineDiffs": false,
        "code": true
      },
      "version": "7.1.3"
    },
    "marge": {
      "options": null,
      "version": "6.2.0"
    }
  }
}