{
  "stats": {
    "suites": 2,
    "tests": 3,
    "passes": 3,
    "pending": 0,
    "failures": 0,
    "start": "2022-08-11T03:38:00.391Z",
    "end": "2022-08-11T03:38:13.561Z",
    "duration": 13170,
    "testsRegistered": 3,
    "passPercent": 100,
    "pendingPercent": 0,
    "other": 0,
    "hasOther": false,
    "skipped": 0,
    "hasSkipped": false
  },
  "results": [
    {
      "uuid": "afc4cb3e-a986-4f57-90b1-c6a853204f0c",
      "title": "",
      "fullFile": "",
      "file": "",
      "beforeHooks": [],
      "afterHooks": [],
      "tests": [],
      "suites": [
        {
          "uuid": "0435614e-0fc2-499e-a139-94d4b645b6c2",
          "title": "The Lists to do",
          "fullFile": "/home/myatthinkhine/Documents/AutomationGIT/seleniumDemo/test/MochaTesting.js",
          "file": "/test/MochaTesting.js",
          "beforeHooks": [],
          "afterHooks": [],
          "tests": [
            {
              "title": "Successfully done",
              "fullTitle": "The Lists to do Successfully done",
              "timedOut": null,
              "duration": 9206,
              "state": "passed",
              "speed": "slow",
              "pass": true,
              "fail": false,
              "pending": false,
              "context": null,
              "code": "//Launch the browser\nlet driver = await new Builder().forBrowser(\"chrome\").build();\n//navigate to our apps\nawait driver.get(\"http://103.203.132.254:8888/\");\n//add to do\n//for login Section\nawait driver.findElement(By.name(\"username\")).sendKeys(\"Admin\",Key.RETURN) //adding user name\nawait driver.findElement(By.name(\"password\")).sendKeys(\"password\",Key.RETURN) //adding password\n\n\n//to create the orders from sale team\nawait driver.get(\"http://103.203.132.254:8888/admin/sale-management/create\")\n//adding data\n//await driver.findElement(By.name(\"townships\")).sendKeys(\"Ahlone\",Key.RETURN)\n\n//closing the browser\n        //await driver.quit()",
              "err": {},
              "uuid": "c6685bd7-c800-4105-bc59-b079961e3fce",
              "parentUUID": null,
              "isHook": false,
              "skipped": false
            }
          ],
          "suites": [],
          "passes": [
            "c6685bd7-c800-4105-bc59-b079961e3fce"
          ],
          "failures": [],
          "pending": [],
          "skipped": [],
          "duration": 9206,
          "root": false,
          "rootEmpty": false,
          "_timeout": null
        },
        {
          "uuid": "eae1bab9-d900-42a2-ac3a-cbe0e37677b6",
          "title": "Another Lists to do",
          "fullFile": "/home/myatthinkhine/Documents/AutomationGIT/seleniumDemo/test/ParallelTestingMocha.js",
          "file": "/test/ParallelTestingMocha.js",
          "beforeHooks": [],
          "afterHooks": [],
          "tests": [
            {
              "title": "Successfully done another list",
              "fullTitle": "Another Lists to do Successfully done another list",
              "timedOut": null,
              "duration": 7316,
              "state": "passed",
              "speed": "slow",
              "pass": true,
              "fail": false,
              "pending": false,
              "context": null,
              "code": "//Launch the browser\nlet driver = await new Builder().forBrowser(\"chrome\").build();\n//navigate to our apps\nawait driver.get(\"http://103.203.132.254:8888/\");\n//add to do\n//for login Section\nawait driver.findElement(By.name(\"username\")).sendKeys(\"Admin\",Key.RETURN) //adding user name\nawait driver.findElement(By.name(\"password\")).sendKeys(\"password\",Key.RETURN) //adding password\n\n\n//to create the orders from sale team\nawait driver.get(\"http://103.203.132.254:8888/admin/sale-management/create\")\n//adding data\n//await driver.findElement(By.name(\"townships\")).sendKeys(\"Ahlone\",Key.RETURN)\n\n//closing the browser\n        //await driver.quit()",
              "err": {},
              "uuid": "74062baf-8118-4d4f-a65c-bea75ee730fd",
              "parentUUID": null,
              "isHook": false,
              "skipped": false
            },
            {
              "title": "Testing invalid user login",
              "fullTitle": "Another Lists to do Testing invalid user login",
              "timedOut": null,
              "duration": 5067,
              "state": "passed",
              "speed": "slow",
              "pass": true,
              "fail": false,
              "pending": false,
              "context": null,
              "code": "//Launch the browser\nlet driver = await new Builder().forBrowser(\"chrome\").build();\n//navigate to our apps\nawait driver.get(\"http://103.203.132.254:8888/\");\n//add to do\n//for login Section\nawait driver.findElement(By.name(\"username\")).sendKeys(\"admins\",Key.RETURN) //adding user name\nawait driver.findElement(By.name(\"password\")).sendKeys(\"password\",Key.RETURN) //adding password\n\n\n//to create the orders from sale team\nawait driver.get(\"http://103.203.132.254:8888/admin/sale-management/create\")\n//adding data\n//await driver.findElement(By.name(\"townships\")).sendKeys(\"Ahlone\",Key.RETURN)\n\n//closing the browser\n    //await driver.quit()",
              "err": {},
              "uuid": "3111f46e-8d7c-4c2c-b2fe-6ef405b0f3c8",
              "parentUUID": null,
              "isHook": false,
              "skipped": false
            }
          ],
          "suites": [],
          "passes": [
            "74062baf-8118-4d4f-a65c-bea75ee730fd",
            "3111f46e-8d7c-4c2c-b2fe-6ef405b0f3c8"
          ],
          "failures": [],
          "pending": [],
          "skipped": [],
          "duration": 12383,
          "root": false,
          "rootEmpty": false,
          "_timeout": null
        }
      ],
      "passes": [],
      "failures": [],
      "pending": [],
      "skipped": [],
      "duration": 0,
      "root": true,
      "rootEmpty": true,
      "_timeout": 0
    }
  ],
  "meta": {
    "mocha": {
      "version": "10.0.0"
    },
    "mochawesome": {
      "options": {
        "quiet": false,
        "reportFilename": "testreport",
        "saveHtml": true,
        "saveJson": true,
        "consoleReporter": "spec",
        "useInlineDiffs": false,
        "code": true
      },
      "version": "7.1.3"
    },
    "marge": {
      "options": {
        "reportDir": "/home/myatthinkhine/Documents/AutomationGIT/seleniumDemo/mochawesome-report",
        "reportFilename": "testreport"
      },
      "version": "6.2.0"
    }
  }
}